<?xml version="1.0" encoding="UTF-8"?>
<!-- Generated by org.testng.reporters.JUnitReportReporter -->
<testsuite hostname="Siddhis-MacBook-Pro.local" failures="0" tests="5" name="bsDemoTest.stackDemoTest" time="119.754" errors="1" timestamp="29 Jun 2022 07:15:52 GMT">
  <testcase classname="bsDemoTest.stackDemoTest" name="searchProduct" time="40.872"/>
  <testcase classname="bsDemoTest.stackDemoTest" name="searchProduct" time="20.785"/>
  <testcase classname="bsDemoTest.stackDemoTest" name="searchProduct" time="17.126"/>
  <testcase classname="bsDemoTest.stackDemoTest" name="searchProduct" time="19.027"/>
  <testcase classname="bsDemoTest.stackDemoTest" name="searchProduct" time="21.944">
    <error message="Error Domain=com.facebook.WebDriverAgent Code=1 &quot;The on-screen keyboard must be present to send keys&quot; UserInfo={NSLocalizedDescription=The on-screen keyboard must be present to send keys} (WARNING: The server did not provide any stacktrace information)
Command duration or timeout: 0 milliseconds
Build info: version: &#039;3.12.0&#039;, revision: &#039;7c6e0b3&#039;, time: &#039;2018-05-08T14:04:26.12Z&#039;
System info: host: &#039;Siddhis-MacBook-Pro.local&#039;, ip: &#039;2401:4900:1c21:9faa:4181:2060:f508:40ae%en0&#039;, os.name: &#039;Mac OS X&#039;, os.arch: &#039;aarch64&#039;, os.version: &#039;12.4&#039;, java.version: &#039;18.0.1.1&#039;
Driver info: org.openqa.selenium.remote.RemoteWebDriver
Capabilities {64bit: false, acceptSslCert: false, acceptSslCerts: false, automationName: XCUITest, bootstrapPath: /usr/local/.browserstack/co..., browser: iphone, browserName: safari, browserstack.appium_version: 1.17.0, browserstack.isTargetBased: true, browserstack.is_hub_canary: false, buildName: BrowserStackDemoSiteAssignment, capabilities: {64bit: false, acceptSslCert: false, acceptSslCerts: false, automationName: XCUITest, bootstrapPath: /usr/local/.browserstack/co..., browser: iphone, browserName: safari, browserstack.appium_version: 1.17.0, browserstack.isTargetBased: true, browserstack.is_hub_canary: false, buildName: BrowserStackDemoSiteAssignment, custom_replay_kit_params: {&quot;rotation&quot;:&quot;false&quot;,&quot;captur..., databaseEnabled: false, detected_language: selenium/3.12.0 (java mac), device: iphone, deviceName: iPhone 12, deviceOrientation: PORTRAIT, javascriptEnabled: true, keychainPassword: [REDACTED VALUE], keychainPath: [REDACTED VALUE], locationContextEnabled: false, mobile: {browser: mobile, version: iPhone 12-14.4}, networkConnectionEnabled: false, newCommandTimeout: 0, new_bucketing: true, noReset: true, orientation: PORTRAIT, orig_os: ios, osVersion: 14, os_version: 14.0, platform: MAC, platformName: iOS, realMobile: true, safariIgnoreFraudWarning: true, safariInitialUrl: http://mobile-internet-chec..., sessionId: 2f96f1d79d6078d24334e3133f0..., sessionName: bsDemoTest_parallel, takesScreenshot: true, udid: 00008101-000D50DC0CE9003A, useXctestrunFile: true, version: , wda_port: 8402, webStorageEnabled: false, webkitResponseTimeout: 20000}, custom_replay_kit_params: {&quot;rotation&quot;:&quot;false&quot;,&quot;captur..., databaseEnabled: false, detected_language: selenium/3.12.0 (java mac), device: iphone, deviceName: iPhone 12, deviceOrientation: PORTRAIT, javascriptEnabled: true, locationContextEnabled: false, mobile: {browser: mobile, version: iPhone 12-14.4}, networkConnectionEnabled: false, newCommandTimeout: 0, new_bucketing: true, noReset: true, orientation: PORTRAIT, orig_os: ios, osVersion: 14, os_version: 14.0, platform: MAC, platformName: MAC, platformVersion: 14.1, realMobile: true, safariIgnoreFraudWarning: true, safariInitialUrl: http://mobile-internet-chec..., sessionId: 2f96f1d79d6078d24334e3133f0..., sessionName: bsDemoTest_parallel, takesScreenshot: true, udid: 00008101-000D50DC0CE9003A, useXctestrunFile: true, version: , wda_port: 8402, webStorageEnabled: false, webkitResponseTimeout: 20000}
Session ID: 2f96f1d79d6078d24334e3133f0df32b3464251a" type="org.openqa.selenium.InvalidElementStateException">
      <![CDATA[org.openqa.selenium.InvalidElementStateException: Error Domain=com.facebook.WebDriverAgent Code=1 "The on-screen keyboard must be present to send keys" UserInfo={NSLocalizedDescription=The on-screen keyboard must be present to send keys} (WARNING: The server did not provide any stacktrace information)
Command duration or timeout: 0 milliseconds
Build info: version: '3.12.0', revision: '7c6e0b3', time: '2018-05-08T14:04:26.12Z'
System info: host: 'Siddhis-MacBook-Pro.local', ip: '2401:4900:1c21:9faa:4181:2060:f508:40ae%en0', os.name: 'Mac OS X', os.arch: 'aarch64', os.version: '12.4', java.version: '18.0.1.1'
Driver info: org.openqa.selenium.remote.RemoteWebDriver
Capabilities {64bit: false, acceptSslCert: false, acceptSslCerts: false, automationName: XCUITest, bootstrapPath: /usr/local/.browserstack/co..., browser: iphone, browserName: safari, browserstack.appium_version: 1.17.0, browserstack.isTargetBased: true, browserstack.is_hub_canary: false, buildName: BrowserStackDemoSiteAssignment, capabilities: {64bit: false, acceptSslCert: false, acceptSslCerts: false, automationName: XCUITest, bootstrapPath: /usr/local/.browserstack/co..., browser: iphone, browserName: safari, browserstack.appium_version: 1.17.0, browserstack.isTargetBased: true, browserstack.is_hub_canary: false, buildName: BrowserStackDemoSiteAssignment, custom_replay_kit_params: {"rotation":"false","captur..., databaseEnabled: false, detected_language: selenium/3.12.0 (java mac), device: iphone, deviceName: iPhone 12, deviceOrientation: PORTRAIT, javascriptEnabled: true, keychainPassword: [REDACTED VALUE], keychainPath: [REDACTED VALUE], locationContextEnabled: false, mobile: {browser: mobile, version: iPhone 12-14.4}, networkConnectionEnabled: false, newCommandTimeout: 0, new_bucketing: true, noReset: true, orientation: PORTRAIT, orig_os: ios, osVersion: 14, os_version: 14.0, platform: MAC, platformName: iOS, realMobile: true, safariIgnoreFraudWarning: true, safariInitialUrl: http://mobile-internet-chec..., sessionId: 2f96f1d79d6078d24334e3133f0..., sessionName: bsDemoTest_parallel, takesScreenshot: true, udid: 00008101-000D50DC0CE9003A, useXctestrunFile: true, version: , wda_port: 8402, webStorageEnabled: false, webkitResponseTimeout: 20000}, custom_replay_kit_params: {"rotation":"false","captur..., databaseEnabled: false, detected_language: selenium/3.12.0 (java mac), device: iphone, deviceName: iPhone 12, deviceOrientation: PORTRAIT, javascriptEnabled: true, locationContextEnabled: false, mobile: {browser: mobile, version: iPhone 12-14.4}, networkConnectionEnabled: false, newCommandTimeout: 0, new_bucketing: true, noReset: true, orientation: PORTRAIT, orig_os: ios, osVersion: 14, os_version: 14.0, platform: MAC, platformName: MAC, platformVersion: 14.1, realMobile: true, safariIgnoreFraudWarning: true, safariInitialUrl: http://mobile-internet-chec..., sessionId: 2f96f1d79d6078d24334e3133f0..., sessionName: bsDemoTest_parallel, takesScreenshot: true, udid: 00008101-000D50DC0CE9003A, useXctestrunFile: true, version: , wda_port: 8402, webStorageEnabled: false, webkitResponseTimeout: 20000}
Session ID: 2f96f1d79d6078d24334e3133f0df32b3464251a
	at java.base/jdk.internal.reflect.DirectConstructorHandleAccessor.newInstance(DirectConstructorHandleAccessor.java:67)
	at java.base/java.lang.reflect.Constructor.newInstanceWithCaller(Constructor.java:499)
	at java.base/java.lang.reflect.Constructor.newInstance(Constructor.java:483)
	at org.openqa.selenium.remote.ErrorHandler.createThrowable(ErrorHandler.java:214)
	at org.openqa.selenium.remote.ErrorHandler.throwIfResponseFailed(ErrorHandler.java:166)
	at org.openqa.selenium.remote.http.JsonHttpResponseCodec.reconstructValue(JsonHttpResponseCodec.java:40)
	at org.openqa.selenium.remote.http.AbstractHttpResponseCodec.decode(AbstractHttpResponseCodec.java:80)
	at org.openqa.selenium.remote.http.AbstractHttpResponseCodec.decode(AbstractHttpResponseCodec.java:44)
	at org.openqa.selenium.remote.HttpCommandExecutor.execute(HttpCommandExecutor.java:158)
	at org.openqa.selenium.remote.RemoteWebDriver.execute(RemoteWebDriver.java:543)
	at org.openqa.selenium.remote.RemoteExecuteMethod.execute(RemoteExecuteMethod.java:35)
	at org.openqa.selenium.remote.RemoteKeyboard.sendKeys(RemoteKeyboard.java:38)
	at org.openqa.selenium.interactions.SendKeysAction.perform(SendKeysAction.java:57)
	at org.openqa.selenium.interactions.CompositeAction.perform(CompositeAction.java:36)
	at org.openqa.selenium.interactions.Actions$BuiltAction.perform(Actions.java:641)
	at bsDemoCommon.BasePO.login(BasePO.java:146)
	at bsDemoTest.stackDemoTest.searchProduct(stackDemoTest.java:23)
	at java.base/jdk.internal.reflect.DirectMethodHandleAccessor.invoke(DirectMethodHandleAccessor.java:104)
	at java.base/java.lang.reflect.Method.invoke(Method.java:577)
	at org.testng.internal.MethodInvocationHelper.invokeMethod(MethodInvocationHelper.java:86)
	at org.testng.internal.Invoker.invokeMethod(Invoker.java:643)
	at org.testng.internal.Invoker.invokeTestMethod(Invoker.java:820)
	at org.testng.internal.Invoker.invokeTestMethods(Invoker.java:1128)
	at org.testng.internal.TestMethodWorker.invokeTestMethods(TestMethodWorker.java:129)
	at org.testng.internal.TestMethodWorker.run(TestMethodWorker.java:112)
	at org.testng.TestRunner.privateRun(TestRunner.java:782)
	at org.testng.TestRunner.run(TestRunner.java:632)
	at org.testng.SuiteRunner.runTest(SuiteRunner.java:366)
	at org.testng.SuiteRunner.access$000(SuiteRunner.java:39)
	at org.testng.SuiteRunner$SuiteWorker.run(SuiteRunner.java:400)
	at org.testng.internal.thread.ThreadUtil$2.call(ThreadUtil.java:64)
	at java.base/java.util.concurrent.FutureTask.run(FutureTask.java:264)
	at java.base/java.util.concurrent.ThreadPoolExecutor.runWorker(ThreadPoolExecutor.java:1136)
	at java.base/java.util.concurrent.ThreadPoolExecutor$Worker.run(ThreadPoolExecutor.java:635)
	at java.base/java.lang.Thread.run(Thread.java:833)
]]>
    </error>
  </testcase> <!-- searchProduct -->
</testsuite> <!-- bsDemoTest.stackDemoTest -->
