<?xml version="1.0" encoding="UTF-8"?>
<!-- Generated by org.testng.reporters.JUnitReportReporter -->
<testsuite hostname="Siddhis-MacBook-Pro.local" failures="0" tests="2" name="bsDemoTest.stackDemoTest" time="36.544" errors="0" timestamp="2022-06-27T14:10:48 IST" skipped="0">
  <testcase classname="bsDemoTest.stackDemoTest" name="searchProduct" time="14.741"/>
  <system-out/>
  <testcase classname="bsDemoTest.stackDemoTest" name="searchProduct" time="21.803"/>
  <system-out/>
</testsuite> <!-- bsDemoTest.stackDemoTest -->
