<?xml version="1.0" encoding="UTF-8"?>
<!-- Generated by org.testng.reporters.JUnitReportReporter -->
<testsuite hostname="Siddhis-MacBook-Pro.local" failures="0" tests="2" name="bsLiveInception.liveInceptionTest" time="182.868" errors="0" timestamp="5 Jul 2022 13:03:26 GMT">
  <testcase classname="bsLiveInception.liveInceptionTest" name="liveSession" time="84.900"/>
  <testcase classname="bsLiveInception.liveInceptionTest" name="liveSession" time="97.968"/>
</testsuite> <!-- bsLiveInception.liveInceptionTest -->
