<?xml version="1.0" encoding="UTF-8"?>
<!-- Generated by org.testng.reporters.JUnitReportReporter -->
<testsuite hostname="Siddhis-MacBook-Pro.local" failures="0" tests="1" name="bsLocalTesting.localTesting" time="25.558" errors="0" timestamp="6 Jul 2022 12:35:49 GMT">
  <testcase classname="bsLocalTesting.localTesting" name="localTest" time="25.558"/>
</testsuite> <!-- bsLocalTesting.localTesting -->
