<?xml version="1.0" encoding="UTF-8"?>
<!-- Generated by org.testng.reporters.JUnitReportReporter -->
<testsuite hostname="Siddhis-MacBook-Pro.local" failures="0" tests="2" name="bsDemoTest.stackDemoTest" time="36.164" errors="0" timestamp="27 Jun 2022 12:26:24 GMT">
  <testcase classname="bsDemoTest.stackDemoTest" name="searchProduct" time="20.407"/>
  <testcase classname="bsDemoTest.stackDemoTest" name="searchProduct" time="15.757"/>
</testsuite> <!-- bsDemoTest.stackDemoTest -->
