<?xml version="1.0" encoding="UTF-8"?>
<!-- Generated by org.testng.reporters.JUnitReportReporter -->
<testsuite hostname="Siddhis-MacBook-Pro.local" failures="0" tests="1" name="bsLiveInception.liveInceptionTest" time="100.409" errors="0" timestamp="2022-06-25T01:20:35 IST" skipped="0">
  <testcase classname="bsLiveInception.liveInceptionTest" name="liveSession" time="100.409"/>
  <system-out/>
</testsuite> <!-- bsLiveInception.liveInceptionTest -->
