<?xml version="1.0" encoding="UTF-8"?>
<!-- Generated by org.testng.reporters.JUnitReportReporter -->
<testsuite hostname="Siddhis-MacBook-Pro.local" failures="0" tests="3" name="bsDemoTest.stackDemoTest" time="50.785" errors="0" timestamp="2022-06-25T01:03:56 IST" skipped="0">
  <testcase classname="bsDemoTest.stackDemoTest" name="searchProduct" time="12.287"/>
  <system-out/>
  <testcase classname="bsDemoTest.stackDemoTest" name="searchProduct" time="18.191"/>
  <system-out/>
  <testcase classname="bsDemoTest.stackDemoTest" name="searchProduct" time="20.307"/>
  <system-out/>
</testsuite> <!-- bsDemoTest.stackDemoTest -->
